<?xml version="1.0" encoding="UTF-8"?>
<!-- Generated by org.testng.reporters.JUnitReportReporter -->
<testsuite name="JobJenkinsCreateTest" tests="3" time="8.361" ignored="0" failures="0" timestamp="27 мая 2021 15:53:24 GMT" skipped="0" hostname="DESKTOP-JF3KOLH" errors="0">
  <testcase name="createBuild" time="0.157" classname="JobJenkinsCreateTest"/>
  <testcase name="createJob" time="7.986" classname="JobJenkinsCreateTest"/>
  <testcase name="copyJob" time="0.218" classname="JobJenkinsCreateTest"/>
</testsuite> <!-- JobJenkinsCreateTest -->
