<?xml version="1.0" encoding="UTF-8"?>
<!-- Generated by org.testng.reporters.JUnitReportReporter -->
<testsuite name="ResponseJobJenkinsTest" tests="6" time="15.572" ignored="0" failures="0" timestamp="27 мая 2021 15:53:24 GMT" skipped="0" hostname="DESKTOP-JF3KOLH" errors="0">
  <testcase name="newJobJenkinsLogHTML" time="2.265" classname="ResponseJobJenkinsTest"/>
  <testcase name="newJobJenkinsLogTXT" time="0.333" classname="ResponseJobJenkinsTest"/>
  <testcase name="sumBuildJobJenkins" time="0.498" classname="ResponseJobJenkinsTest"/>
  <testcase name="newJobJenkinsParam" time="3.736" classname="ResponseJobJenkinsTest"/>
  <testcase name="paramInfoJob" time="8.548" classname="ResponseJobJenkinsTest"/>
  <testcase name="newJenkinsParam" time="0.192" classname="ResponseJobJenkinsTest"/>
</testsuite> <!-- ResponseJobJenkinsTest -->
