<?xml version="1.0" encoding="UTF-8"?>
<!-- Generated by org.testng.reporters.JUnitReportReporter -->
<testsuite name="TestDeleteJob" tests="2" time="0.302" ignored="0" failures="0" timestamp="27 мая 2021 15:53:24 GMT" skipped="0" hostname="DESKTOP-JF3KOLH" errors="0">
  <testcase name="deleteJobJenkins" time="0.236" classname="TestDeleteJob"/>
  <testcase name="deleteNewJobJenkins" time="0.066" classname="TestDeleteJob"/>
</testsuite> <!-- TestDeleteJob -->
